2026-04-17 22:38:15 [[32minfo[39m]: ✅ Database Online
2026-04-17 22:38:24 [[32minfo[39m]: ✅ Database Online
2026-04-17 22:38:38 [[32minfo[39m]: 🚀 Servidor corriendo en puerto 3000
2026-04-17 22:38:38 [[32minfo[39m]: 📊 Entorno: development
2026-04-17 22:38:38 [[32minfo[39m]: 💾 Base de datos: sistemaCMI_dev
2026-04-17 22:38:38 [[32minfo[39m]: ✅ Database Online
2026-04-17 22:38:48 [[33mwarn[39m]: ⚠️  JWT_SECRET debería tener al menos 32 caracteres para mayor seguridad
2026-04-17 22:38:48 [[32minfo[39m]: ✅ Variables de entorno validadas correctamente para: development
2026-04-17 22:38:48 [[32minfo[39m]: 🚀 Servidor corriendo en puerto 3000
2026-04-17 22:38:48 [[32minfo[39m]: 📊 Entorno: development
2026-04-17 22:38:48 [[32minfo[39m]: 💾 Base de datos: sistemaCMI_dev
2026-04-17 22:38:48 [[32minfo[39m]: ✅ Database Online
2026-04-17 22:39:13 [[33mwarn[39m]: ⚠️  JWT_SECRET debería tener al menos 32 caracteres para mayor seguridad
2026-04-17 22:39:13 [[32minfo[39m]: ✅ Variables de entorno validadas correctamente para: development
2026-04-17 22:39:13 [[32minfo[39m]: 🚀 Servidor corriendo en puerto 3000
2026-04-17 22:39:13 [[32minfo[39m]: 📊 Entorno: development
2026-04-17 22:39:13 [[32minfo[39m]: 💾 Base de datos: sistemaCMI_dev
2026-04-17 22:39:13 [[32minfo[39m]: ✅ Database Online
2026-04-17 22:39:39 [[33mwarn[39m]: ⚠️  JWT_SECRET debería tener al menos 32 caracteres para mayor seguridad
2026-04-17 22:39:39 [[32minfo[39m]: ✅ Variables de entorno validadas correctamente para: development
2026-04-17 22:39:39 [[32minfo[39m]: 🚀 Servidor corriendo en puerto 3000
2026-04-17 22:39:39 [[32minfo[39m]: 📊 Entorno: development
2026-04-17 22:39:39 [[32minfo[39m]: 💾 Base de datos: sistemaCMI_dev
2026-04-17 22:39:39 [[32minfo[39m]: ✅ Database Online
2026-04-17 22:41:34 [[33mwarn[39m]: ⚠️  JWT_SECRET debería tener al menos 32 caracteres para mayor seguridad
2026-04-17 22:41:34 [[32minfo[39m]: ✅ Variables de entorno validadas correctamente para: development
2026-04-17 22:41:34 [[32minfo[39m]: 🚀 Servidor corriendo en puerto 3000
2026-04-17 22:41:34 [[32minfo[39m]: 📊 Entorno: development
2026-04-17 22:41:34 [[32minfo[39m]: 💾 Base de datos: sistemaCMI_dev
2026-04-17 22:41:34 [[32minfo[39m]: ✅ Database Online
2026-04-17 22:41:49 [[33mwarn[39m]: ⚠️  JWT_SECRET debería tener al menos 32 caracteres para mayor seguridad
2026-04-17 22:41:49 [[32minfo[39m]: ✅ Variables de entorno validadas correctamente para: development
2026-04-17 22:41:49 [[32minfo[39m]: 🚀 Servidor corriendo en puerto 3000
2026-04-17 22:41:49 [[32minfo[39m]: 📊 Entorno: development
2026-04-17 22:41:49 [[32minfo[39m]: 💾 Base de datos: sistemaCMI_dev
2026-04-17 22:41:49 [[32minfo[39m]: ✅ Database Online
2026-04-17 22:41:59 [[33mwarn[39m]: ⚠️  JWT_SECRET debería tener al menos 32 caracteres para mayor seguridad
2026-04-17 22:41:59 [[32minfo[39m]: ✅ Variables de entorno validadas correctamente para: development
2026-04-17 22:41:59 [[32minfo[39m]: 🚀 Servidor corriendo en puerto 3000
2026-04-17 22:41:59 [[32minfo[39m]: 📊 Entorno: development
2026-04-17 22:41:59 [[32minfo[39m]: 💾 Base de datos: sistemaCMI_dev
2026-04-17 22:41:59 [[32minfo[39m]: ✅ Database Online
2026-04-17 22:42:34 [[33mwarn[39m]: ⚠️  JWT_SECRET debería tener al menos 32 caracteres para mayor seguridad
2026-04-17 22:42:35 [[32minfo[39m]: ✅ Variables de entorno validadas correctamente para: development
2026-04-17 22:42:35 [[32minfo[39m]: 🚀 Servidor corriendo en puerto 3000
2026-04-17 22:42:35 [[32minfo[39m]: 📊 Entorno: development
2026-04-17 22:42:35 [[32minfo[39m]: 💾 Base de datos: sistemaCMI_dev
2026-04-17 22:42:35 [[32minfo[39m]: ✅ Database Online
2026-04-17 22:42:57 [[33mwarn[39m]: ⚠️  JWT_SECRET debería tener al menos 32 caracteres para mayor seguridad
2026-04-17 22:42:57 [[32minfo[39m]: ✅ Variables de entorno validadas correctamente para: development
2026-04-17 22:42:57 [[32minfo[39m]: 🚀 Servidor corriendo en puerto 3000
2026-04-17 22:42:57 [[32minfo[39m]: 📊 Entorno: development
2026-04-17 22:42:57 [[32minfo[39m]: 💾 Base de datos: sistemaCMI_dev
2026-04-17 22:42:57 [[32minfo[39m]: ✅ Database Online
2026-04-17 22:43:10 [[33mwarn[39m]: ⚠️  JWT_SECRET debería tener al menos 32 caracteres para mayor seguridad
2026-04-17 22:43:10 [[32minfo[39m]: ✅ Variables de entorno validadas correctamente para: development
2026-04-17 22:43:10 [[32minfo[39m]: 🚀 Servidor corriendo en puerto 3000
2026-04-17 22:43:10 [[32minfo[39m]: 📊 Entorno: development
2026-04-17 22:43:10 [[32minfo[39m]: 💾 Base de datos: sistemaCMI_dev
2026-04-17 22:43:10 [[32minfo[39m]: ✅ Database Online
2026-04-17 22:48:04 [[33mwarn[39m]: ⚠️  JWT_SECRET debería tener al menos 32 caracteres para mayor seguridad
2026-04-17 22:48:04 [[32minfo[39m]: ✅ Variables de entorno validadas correctamente para: development
2026-04-17 22:48:04 [[32minfo[39m]: 🚀 Servidor corriendo en puerto 3000
2026-04-17 22:48:04 [[32minfo[39m]: 📊 Entorno: development
2026-04-17 22:48:04 [[32minfo[39m]: 💾 Base de datos: sistemaCMI_dev
2026-04-17 22:48:04 [[32minfo[39m]: ✅ Database Online
